Build started 12/15/2014 10:51:41 AM.
     1>Project "C:\Users\Alex\Documents\SCU\Senior Design\stasm\stasm4.1.0\vc12\minimal.vcxproj" on node 2 (Build target(s)).
     1>ClCompile:
         C:\Program Files (x86)\Microsoft Visual Studio 12.0\VC\bin\CL.exe /c /IC:\opencv\build\include /I../stasm /ZI /nologo /W3 /WX- /Od /Oy- /D WIN32 /D _DEBUG /D _CONSOLE /D _UNICODE /D UNICODE /Gm /EHsc /RTC1 /MDd /GS /fp:precise /Zc:wchar_t /Zc:forScope /Fo"Debug\\" /Fd"Debug\vc120.pdb" /Gd /TP /analyze- /errorReport:prompt ..\apps\minimal.cpp
         minimal.cpp
       Link:
         C:\Program Files (x86)\Microsoft Visual Studio 12.0\VC\bin\link.exe /ERRORREPORT:PROMPT /OUT:"C:\Users\Alex\Documents\SCU\Senior Design\stasm\stasm4.1.0\vc12\\minimal.exe" /INCREMENTAL /NOLOGO C:\opencv\build\x86\vc12\lib\opencv_core2410d.lib C:\opencv\build\x86\vc12\lib\opencv_highgui2410d.lib C:\opencv\build\x86\vc12\lib\opencv_imgproc2410d.lib C:\opencv\build\x86\vc12\lib\opencv_objdetect2410d.lib /MANIFEST /MANIFESTUAC:"level='asInvoker' uiAccess='false'" /manifest:embed /DEBUG /PDB:"C:\Users\Alex\Documents\SCU\Senior Design\stasm\stasm4.1.0\vc12\\minimal.pdb" /SUBSYSTEM:CONSOLE /TLBID:1 /DYNAMICBASE /NXCOMPAT /IMPLIB:"C:\Users\Alex\Documents\SCU\Senior Design\stasm\stasm4.1.0\vc12\\minimal.lib" /MACHINE:X86 Debug\minimal.obj
         Debug\asm.obj
         Debug\classicdesc.obj
         Debug\convshape.obj
         Debug\err.obj
         Debug\eyedet.obj
         Debug\eyedist.obj
         Debug\faceroi.obj
         Debug\hat.obj
         Debug\hatdesc.obj
         Debug\landmarks.obj
         Debug\misc.obj
         Debug\facedet.obj
         Debug\initasm.obj
         Debug\pinstart.obj
         Debug\print.obj
         Debug\shape17.obj
         Debug\shapehacks.obj
         Debug\shapemod.obj
         Debug\startshape.obj
         Debug\stasm.obj
         Debug\stasm_lib.obj
         minimal.vcxproj -> C:\Users\Alex\Documents\SCU\Senior Design\stasm\stasm4.1.0\vc12\\minimal.exe
     1>Done Building Project "C:\Users\Alex\Documents\SCU\Senior Design\stasm\stasm4.1.0\vc12\minimal.vcxproj" (Build target(s)).

Build succeeded.

Time Elapsed 00:00:01.12
