c:\users\alex\documents\scu\senior design\stasm\stasm4.1.0\vc10\debug\vc120.pdb
c:\users\alex\documents\scu\senior design\stasm\stasm4.1.0\vc10\debug\vc120.idb
c:\users\alex\documents\scu\senior design\stasm\stasm4.1.0\vc10\debug\classicdesc.obj
c:\users\alex\documents\scu\senior design\stasm\stasm4.1.0\vc10\debug\convshape.obj
c:\users\alex\documents\scu\senior design\stasm\stasm4.1.0\vc10\debug\err.obj
c:\users\alex\documents\scu\senior design\stasm\stasm4.1.0\vc10\debug\eyedet.obj
c:\users\alex\documents\scu\senior design\stasm\stasm4.1.0\vc10\debug\eyedist.obj
c:\users\alex\documents\scu\senior design\stasm\stasm4.1.0\vc10\debug\faceroi.obj
c:\users\alex\documents\scu\senior design\stasm\stasm4.1.0\vc10\debug\hat.obj
c:\users\alex\documents\scu\senior design\stasm\stasm4.1.0\vc10\debug\hatdesc.obj
c:\users\alex\documents\scu\senior design\stasm\stasm4.1.0\vc10\debug\landmarks.obj
c:\users\alex\documents\scu\senior design\stasm\stasm4.1.0\vc10\debug\misc.obj
c:\users\alex\documents\scu\senior design\stasm\stasm4.1.0\vc10\debug\facedet.obj
c:\users\alex\documents\scu\senior design\stasm\stasm4.1.0\vc10\debug\initasm.obj
c:\users\alex\documents\scu\senior design\stasm\stasm4.1.0\vc10\debug\pinstart.obj
c:\users\alex\documents\scu\senior design\stasm\stasm4.1.0\vc10\debug\print.obj
c:\users\alex\documents\scu\senior design\stasm\stasm4.1.0\vc10\debug\shape17.obj
c:\users\alex\documents\scu\senior design\stasm\stasm4.1.0\vc10\debug\shapehacks.obj
c:\users\alex\documents\scu\senior design\stasm\stasm4.1.0\vc10\debug\shapemod.obj
c:\users\alex\documents\scu\senior design\stasm\stasm4.1.0\vc10\debug\startshape.obj
c:\users\alex\documents\scu\senior design\stasm\stasm4.1.0\vc10\debug\stasm.obj
c:\users\alex\documents\scu\senior design\stasm\stasm4.1.0\vc10\debug\stasm_lib.obj
c:\users\alex\documents\scu\senior design\stasm\stasm4.1.0\vc10\debug\minimal.obj
c:\users\alex\documents\scu\senior design\stasm\stasm4.1.0\vc10\debug\asm.obj
c:\users\alex\documents\scu\senior design\stasm\stasm4.1.0\vc10\minimal.ilk
c:\users\alex\documents\scu\senior design\stasm\stasm4.1.0\vc10\minimal.exe
c:\users\alex\documents\scu\senior design\stasm\stasm4.1.0\vc10\minimal.pdb
c:\users\alex\documents\scu\senior design\stasm\stasm4.1.0\vc10\\minimal.pdb
c:\users\alex\documents\scu\senior design\stasm\stasm4.1.0\vc10\\minimal.exe
c:\users\alex\documents\scu\senior design\stasm\stasm4.1.0\vc10\\minimal.ilk
c:\users\alex\documents\scu\senior design\stasm\stasm4.1.0\vc10\debug\minimal.tlog\cl.command.1.tlog
c:\users\alex\documents\scu\senior design\stasm\stasm4.1.0\vc10\debug\minimal.tlog\cl.read.1.tlog
c:\users\alex\documents\scu\senior design\stasm\stasm4.1.0\vc10\debug\minimal.tlog\cl.write.1.tlog
c:\users\alex\documents\scu\senior design\stasm\stasm4.1.0\vc10\debug\minimal.tlog\link.command.1.tlog
c:\users\alex\documents\scu\senior design\stasm\stasm4.1.0\vc10\debug\minimal.tlog\link.read.1.tlog
c:\users\alex\documents\scu\senior design\stasm\stasm4.1.0\vc10\debug\minimal.tlog\link.write.1.tlog
